[0m11:52:21.465652 [debug] [MainThread]: Sending event: {'category': 'dbt', 'action': 'invocation', 'label': 'start', 'context': [<snowplow_tracker.self_describing_json.SelfDescribingJson object at 0x112698c10>, <snowplow_tracker.self_describing_json.SelfDescribingJson object at 0x11268e250>, <snowplow_tracker.self_describing_json.SelfDescribingJson object at 0x1126af090>]}


============================== 11:52:21.472567 | 9c06ca26-e255-4efe-9996-d2403e35f141 ==============================
[0m11:52:21.472567 [info ] [MainThread]: Running with dbt=1.7.7
[0m11:52:21.473240 [debug] [MainThread]: running dbt with arguments {'printer_width': '80', 'indirect_selection': 'eager', 'log_cache_events': 'False', 'write_json': 'True', 'partial_parse': 'True', 'cache_selected_only': 'False', 'warn_error': 'None', 'fail_fast': 'False', 'version_check': 'True', 'log_path': 'logs', 'profiles_dir': '/Users/cpmcintyre/.dbt', 'debug': 'False', 'use_colors': 'True', 'use_experimental_parser': 'False', 'no_print': 'None', 'quiet': 'False', 'warn_error_options': 'WarnErrorOptions(include=[], exclude=[])', 'static_parser': 'True', 'introspect': 'True', 'log_format': 'default', 'target_path': 'None', 'invocation_command': 'dbt init dbtlearn', 'send_anonymous_usage_stats': 'True'}
[0m11:52:21.474586 [debug] [MainThread]: Starter project path: /Users/cpmcintyre/anaconda3/envs/dbt/lib/python3.11/site-packages/dbt/include/starter_project
[0m11:52:21.483847 [info ] [MainThread]: 
Your new dbt project "dbtlearn" was created!

For more information on how to configure the profiles.yml file,
please consult the dbt documentation here:

  https://docs.getdbt.com/docs/configure-your-profile

One more thing:

Need help? Don't hesitate to reach out to us via GitHub issues or on Slack:

  https://community.getdbt.com/

Happy modeling!

[0m11:52:21.484800 [info ] [MainThread]: Setting up your profile.
[0m11:56:44.704103 [info ] [MainThread]: Profile dbtlearn written to /Users/cpmcintyre/.dbt/profiles.yml using target's profile_template.yml and your supplied values. Run 'dbt debug' to validate the connection.
[0m11:56:44.826663 [debug] [MainThread]: Resource report: {"command_name": "init", "command_success": true, "command_wall_clock_time": 263.3751, "process_user_time": 1.984556, "process_kernel_time": 0.311347, "process_mem_max_rss": "107819008", "process_in_blocks": "0", "process_out_blocks": "0"}
[0m11:56:44.827759 [debug] [MainThread]: Command `dbt init` succeeded at 11:56:44.827508 after 263.38 seconds
[0m11:56:44.828670 [debug] [MainThread]: Sending event: {'category': 'dbt', 'action': 'invocation', 'label': 'end', 'context': [<snowplow_tracker.self_describing_json.SelfDescribingJson object at 0x10e251850>, <snowplow_tracker.self_describing_json.SelfDescribingJson object at 0x112707890>, <snowplow_tracker.self_describing_json.SelfDescribingJson object at 0x1126aeb50>]}
[0m11:56:44.829468 [debug] [MainThread]: Flushing usage events
[0m11:57:31.790143 [debug] [MainThread]: Sending event: {'category': 'dbt', 'action': 'invocation', 'label': 'start', 'context': [<snowplow_tracker.self_describing_json.SelfDescribingJson object at 0x1054fbb90>, <snowplow_tracker.self_describing_json.SelfDescribingJson object at 0x105c52d90>, <snowplow_tracker.self_describing_json.SelfDescribingJson object at 0x105c53310>]}


============================== 11:57:31.795845 | 6979ad6c-0fc2-40d3-a18b-fca047cc7e81 ==============================
[0m11:57:31.795845 [info ] [MainThread]: Running with dbt=1.7.7
[0m11:57:31.797127 [debug] [MainThread]: running dbt with arguments {'printer_width': '80', 'indirect_selection': 'eager', 'write_json': 'True', 'log_cache_events': 'False', 'partial_parse': 'True', 'cache_selected_only': 'False', 'profiles_dir': '/Users/cpmcintyre/.dbt', 'debug': 'False', 'version_check': 'True', 'log_path': 'logs', 'fail_fast': 'False', 'warn_error': 'None', 'use_colors': 'True', 'use_experimental_parser': 'False', 'no_print': 'None', 'quiet': 'False', 'log_format': 'default', 'invocation_command': 'dbt debug', 'warn_error_options': 'WarnErrorOptions(include=[], exclude=[])', 'introspect': 'True', 'target_path': 'None', 'static_parser': 'True', 'send_anonymous_usage_stats': 'True'}
[0m11:57:31.798005 [info ] [MainThread]: dbt version: 1.7.7
[0m11:57:31.798505 [info ] [MainThread]: python version: 3.11.7
[0m11:57:31.799123 [info ] [MainThread]: python path: /Users/cpmcintyre/anaconda3/envs/dbt/bin/python3.11
[0m11:57:31.799622 [info ] [MainThread]: os info: macOS-10.16-x86_64-i386-64bit
[0m11:57:32.087651 [info ] [MainThread]: Using profiles dir at /Users/cpmcintyre/.dbt
[0m11:57:32.088260 [info ] [MainThread]: Using profiles.yml file at /Users/cpmcintyre/.dbt/profiles.yml
[0m11:57:32.088736 [info ] [MainThread]: Using dbt_project.yml file at /Users/cpmcintyre/Documents/Development/dbt/course/dbt_project.yml
[0m11:57:32.089430 [info ] [MainThread]: adapter type: snowflake
[0m11:57:32.089923 [info ] [MainThread]: adapter version: 1.7.1
[0m11:57:32.090404 [info ] [MainThread]: Configuration:
[0m11:57:32.090874 [info ] [MainThread]:   profiles.yml file [[32mOK found and valid[0m]
[0m11:57:32.091369 [info ] [MainThread]:   dbt_project.yml file [[31mERROR not found[0m]
[0m11:57:32.091808 [info ] [MainThread]: Required dependencies:
[0m11:57:32.092294 [debug] [MainThread]: Executing "git --help"
[0m11:57:32.102403 [debug] [MainThread]: STDOUT: "b"usage: git [--version] [--help] [-C <path>] [-c name=value]\n           [--exec-path[=<path>]] [--html-path] [--man-path] [--info-path]\n           [-p | --paginate | --no-pager] [--no-replace-objects] [--bare]\n           [--git-dir=<path>] [--work-tree=<path>] [--namespace=<name>]\n           <command> [<args>]\n\nThese are common Git commands used in various situations:\n\nstart a working area (see also: git help tutorial)\n   clone      Clone a repository into a new directory\n   init       Create an empty Git repository or reinitialize an existing one\n\nwork on the current change (see also: git help everyday)\n   add        Add file contents to the index\n   mv         Move or rename a file, a directory, or a symlink\n   reset      Reset current HEAD to the specified state\n   rm         Remove files from the working tree and from the index\n\nexamine the history and state (see also: git help revisions)\n   bisect     Use binary search to find the commit that introduced a bug\n   grep       Print lines matching a pattern\n   log        Show commit logs\n   show       Show various types of objects\n   status     Show the working tree status\n\ngrow, mark and tweak your common history\n   branch     List, create, or delete branches\n   checkout   Switch branches or restore working tree files\n   commit     Record changes to the repository\n   diff       Show changes between commits, commit and working tree, etc\n   merge      Join two or more development histories together\n   rebase     Reapply commits on top of another base tip\n   tag        Create, list, delete or verify a tag object signed with GPG\n\ncollaborate (see also: git help workflows)\n   fetch      Download objects and refs from another repository\n   pull       Fetch from and integrate with another repository or a local branch\n   push       Update remote refs along with associated objects\n\n'git help -a' and 'git help -g' list available subcommands and some\nconcept guides. See 'git help <command>' or 'git help <concept>'\nto read about a specific subcommand or concept.\n""
[0m11:57:32.103556 [debug] [MainThread]: STDERR: "b''"
[0m11:57:32.104219 [info ] [MainThread]:  - git [[32mOK found[0m]

[0m11:57:32.104795 [info ] [MainThread]: Connection:
[0m11:57:32.105537 [info ] [MainThread]:   account: iwzjqnw-xu36720
[0m11:57:32.105989 [info ] [MainThread]:   user: dbt
[0m11:57:32.106460 [info ] [MainThread]:   database: AIRBNB
[0m11:57:32.106884 [info ] [MainThread]:   warehouse: COMPUTE_WH
[0m11:57:32.107283 [info ] [MainThread]:   role: transform
[0m11:57:32.107869 [info ] [MainThread]:   schema: AIRBNB.RAW
[0m11:57:32.108652 [info ] [MainThread]:   authenticator: None
[0m11:57:32.109677 [info ] [MainThread]:   private_key_path: None
[0m11:57:32.111340 [info ] [MainThread]:   token: None
[0m11:57:32.112442 [info ] [MainThread]:   oauth_client_id: None
[0m11:57:32.113581 [info ] [MainThread]:   query_tag: None
[0m11:57:32.114342 [info ] [MainThread]:   client_session_keep_alive: False
[0m11:57:32.115942 [info ] [MainThread]:   host: None
[0m11:57:32.117099 [info ] [MainThread]:   port: None
[0m11:57:32.118379 [info ] [MainThread]:   proxy_host: None
[0m11:57:32.119166 [info ] [MainThread]:   proxy_port: None
[0m11:57:32.119914 [info ] [MainThread]:   protocol: None
[0m11:57:32.120795 [info ] [MainThread]:   connect_retries: 1
[0m11:57:32.123056 [info ] [MainThread]:   connect_timeout: None
[0m11:57:32.124107 [info ] [MainThread]:   retry_on_database_errors: False
[0m11:57:32.124764 [info ] [MainThread]:   retry_all: False
[0m11:57:32.125645 [info ] [MainThread]:   insecure_mode: False
[0m11:57:32.126924 [info ] [MainThread]:   reuse_connections: None
[0m11:57:32.128740 [info ] [MainThread]: Registered adapter: snowflake=1.7.1
[0m11:57:32.224521 [debug] [MainThread]: Acquiring new snowflake connection 'debug'
[0m11:57:32.228604 [debug] [MainThread]: Using snowflake connection "debug"
[0m11:57:32.229302 [debug] [MainThread]: On debug: select 1 as id
[0m11:57:32.229805 [debug] [MainThread]: Opening a new connection, currently in state init
[0m11:57:33.699735 [debug] [MainThread]: SQL status: SUCCESS 1 in 1.0 seconds
[0m11:57:33.701562 [debug] [MainThread]: On debug: Close
[0m11:57:33.988226 [info ] [MainThread]:   Connection test: [[32mOK connection ok[0m]

[0m11:57:33.989135 [info ] [MainThread]: [31m1 check failed:[0m
[0m11:57:33.990016 [info ] [MainThread]: Project loading failed for the following reason:
 project path </Users/cpmcintyre/Documents/Development/dbt/course/dbt_project.yml> not found

[0m11:57:33.993146 [debug] [MainThread]: Resource report: {"command_name": "debug", "command_wall_clock_time": 2.2705717, "process_user_time": 2.455919, "process_kernel_time": 0.370861, "process_mem_max_rss": "114659328", "command_success": false, "process_in_blocks": "0", "process_out_blocks": "0"}
[0m11:57:33.994456 [debug] [MainThread]: Command `dbt debug` failed at 11:57:33.994226 after 2.27 seconds
[0m11:57:33.995317 [debug] [MainThread]: Connection 'debug' was properly closed.
[0m11:57:33.996788 [debug] [MainThread]: Sending event: {'category': 'dbt', 'action': 'invocation', 'label': 'end', 'context': [<snowplow_tracker.self_describing_json.SelfDescribingJson object at 0x104155c90>, <snowplow_tracker.self_describing_json.SelfDescribingJson object at 0x1017ad890>, <snowplow_tracker.self_describing_json.SelfDescribingJson object at 0x10677e390>]}
[0m11:57:33.998071 [debug] [MainThread]: Flushing usage events
